<?xml version="1.0" encoding="UTF-8"?>
<!-- Generated by org.testng.reporters.JUnitReportReporter -->
<testsuite skipped="0" hostname="Jawahar-PC" name="cucumberOptions.TestRunner" tests="1" failures="0" timestamp="2020-04-09T22:31:59 IST" time="4.463" errors="0">
  <testcase name="feature" time="4.463" classname="cucumberOptions.TestRunner"/>
  <system-out/>
</testsuite> <!-- cucumberOptions.TestRunner -->
