<?xml version="1.0" encoding="UTF-8"?>
<!-- Generated by org.testng.reporters.JUnitReportReporter -->
<testsuite skipped="0" hostname="Jawahar-PC" name="Academy.validateTitle" tests="1" failures="0" timestamp="2020-04-09T22:29:32 IST" time="7.468" errors="0">
  <testcase name="validateTitlename" time="7.468" classname="Academy.validateTitle"/>
  <system-out/>
</testsuite> <!-- Academy.validateTitle -->
