<?xml version="1.0" encoding="UTF-8"?>
<!-- Generated by org.testng.reporters.JUnitReportReporter -->
<testsuite skipped="0" hostname="Jawahar-PC" name="Academy.HomePage" tests="2" failures="0" timestamp="2020-04-09T22:29:32 IST" time="12.707" errors="0">
  <testcase name="basePageNavigation" time="7.104" classname="Academy.HomePage"/>
  <system-out/>
  <testcase name="basePageNavigation" time="5.603" classname="Academy.HomePage"/>
  <system-out/>
</testsuite> <!-- Academy.HomePage -->
