<?xml version="1.0" encoding="UTF-8"?>
<!-- Generated by org.testng.reporters.JUnitReportReporter -->
<testsuite name="Academy.HomePage" tests="2" time="17.186" ignored="0" failures="0" timestamp="08 Apr 2020 05:31:35 GMT" skipped="0" hostname="Jawahar-PC" errors="0">
  <testcase name="basePageNavigation" time="9.096" classname="Academy.HomePage"/>
  <testcase name="basePageNavigation" time="8.090" classname="Academy.HomePage"/>
</testsuite> <!-- Academy.HomePage -->
