<?xml version="1.0" encoding="UTF-8"?>
<!-- Generated by org.testng.reporters.JUnitReportReporter -->
<testsuite name="Academy.validateTitle" tests="1" time="0.033" ignored="0" failures="0" timestamp="08 Apr 2020 05:30:50 GMT" skipped="0" hostname="Jawahar-PC" errors="0">
  <testcase name="validateTitlename" time="0.033" classname="Academy.validateTitle"/>
</testsuite> <!-- Academy.validateTitle -->
